<?xml version="1.0" encoding="UTF-8"?>
<!-- Generated by org.testng.reporters.JUnitReportReporter -->
<testsuite hostname="LAPTOP-QB6EK863" failures="0" tests="1" name="mavennewpkg.democlass" time="0.010" errors="0" timestamp="2025-05-15T11:58:42 IST" skipped="0">
  <testcase classname="mavennewpkg.democlass" name="demoTest" time="0.010"/>
  <system-out/>
</testsuite> <!-- mavennewpkg.democlass -->
